# JRE version: OpenJDK Runtime Environment (8.0_151-b12) (build 1.8.0_151-8u151-b12-0ubuntu0.17.10.2-b12)
# Java VM: OpenJDK 64-Bit Server VM (25.151-b12 mixed mode linux-amd64 compressed oops)
Heap:
 PSYoungGen      total 36864K, used 25398K [0x00000000d6d00000, 0x00000000db500000, 0x0000000100000000)
  eden space 31744K, 80% used [0x00000000d6d00000,0x00000000d85cd9f8,0x00000000d8c00000)
  from space 5120K, 0% used [0x00000000d9100000,0x00000000d9100000,0x00000000d9600000)
  to   space 5120K, 0% used [0x00000000d8c00000,0x00000000d8c00000,0x00000000d9100000)
 ParOldGen       total 45568K, used 4811K [0x0000000084600000, 0x0000000087280000, 0x00000000d6d00000)
  object space 45568K, 10% used [0x0000000084600000,0x0000000084ab2da0,0x0000000087280000)
 Metaspace       used 27312K, capacity 27560K, committed 27776K, reserved 1073152K
  class space    used 3333K, capacity 3420K, committed 3456K, reserved 1048576K
GC Heap History (6 events):
Event: 4.342 GC heap before
{Heap before GC invocations=1 (full 0):
 PSYoungGen      total 36864K, used 31744K [0x00000000d6d00000, 0x00000000d9600000, 0x0000000100000000)
  eden space 31744K, 100% used [0x00000000d6d00000,0x00000000d8c00000,0x00000000d8c00000)
  from space 5120K, 0% used [0x00000000d9100000,0x00000000d9100000,0x00000000d9600000)
  to   space 5120K, 0% used [0x00000000d8c00000,0x00000000d8c00000,0x00000000d9100000)
 ParOldGen       total 84992K, used 0K [0x0000000084600000, 0x0000000089900000, 0x00000000d6d00000)
  object space 84992K, 0% used [0x0000000084600000,0x0000000084600000,0x0000000089900000)
 Metaspace       used 19367K, capacity 19706K, committed 19840K, reserved 1067008K
  class space    used 2253K, capacity 2358K, committed 2432K, reserved 1048576K
Event: 4.359 GC heap after
Heap after GC invocations=1 (full 0):
 PSYoungGen      total 36864K, used 5105K [0x00000000d6d00000, 0x00000000d9600000, 0x0000000100000000)
  eden space 31744K, 0% used [0x00000000d6d00000,0x00000000d6d00000,0x00000000d8c00000)
  from space 5120K, 99% used [0x00000000d8c00000,0x00000000d90fc7e8,0x00000000d9100000)
  to   space 5120K, 0% used [0x00000000d9100000,0x00000000d9100000,0x00000000d9600000)
 ParOldGen       total 84992K, used 1842K [0x0000000084600000, 0x0000000089900000, 0x00000000d6d00000)
  object space 84992K, 2% used [0x0000000084600000,0x00000000847cca18,0x0000000089900000)
 Metaspace       used 19367K, capacity 19706K, committed 19840K, reserved 1067008K
  class space    used 2253K, capacity 2358K, committed 2432K, reserved 1048576K
}
Event: 4.497 GC heap before
{Heap before GC invocations=2 (full 0):
 PSYoungGen      total 36864K, used 15942K [0x00000000d6d00000, 0x00000000d9600000, 0x0000000100000000)
  eden space 31744K, 34% used [0x00000000d6d00000,0x00000000d77953a0,0x00000000d8c00000)
  from space 5120K, 99% used [0x00000000d8c00000,0x00000000d90fc7e8,0x00000000d9100000)
  to   space 5120K, 0% used [0x00000000d9100000,0x00000000d9100000,0x00000000d9600000)
 ParOldGen       total 84992K, used 1842K [0x0000000084600000, 0x0000000089900000, 0x00000000d6d00000)
  object space 84992K, 2% used [0x0000000084600000,0x00000000847cca18,0x0000000089900000)
 Metaspace       used 20896K, capacity 21146K, committed 21296K, reserved 1069056K
  class space    used 2550K, capacity 2646K, committed 2688K, reserved 1048576K
Event: 4.506 GC heap after
Heap after GC invocations=2 (full 0):
 PSYoungGen      total 36864K, used 4909K [0x00000000d6d00000, 0x00000000db500000, 0x0000000100000000)
  eden space 31744K, 0% used [0x00000000d6d00000,0x00000000d6d00000,0x00000000d8c00000)
  from space 5120K, 95% used [0x00000000d9100000,0x00000000d95cb428,0x00000000d9600000)
  to   space 5120K, 0% used [0x00000000d8c00000,0x00000000d8c00000,0x00000000d9100000)
 ParOldGen       total 84992K, used 1850K [0x0000000084600000, 0x0000000089900000, 0x00000000d6d00000)
  object space 84992K, 2% used [0x0000000084600000,0x00000000847cea18,0x0000000089900000)
 Metaspace       used 20896K, capacity 21146K, committed 21296K, reserved 1069056K
  class space    used 2550K, capacity 2646K, committed 2688K, reserved 1048576K
}
Event: 4.506 GC heap before
{Heap before GC invocations=3 (full 1):
 PSYoungGen      total 36864K, used 4909K [0x00000000d6d00000, 0x00000000db500000, 0x0000000100000000)
  eden space 31744K, 0% used [0x00000000d6d00000,0x00000000d6d00000,0x00000000d8c00000)
  from space 5120K, 95% used [0x00000000d9100000,0x00000000d95cb428,0x00000000d9600000)
  to   space 5120K, 0% used [0x00000000d8c00000,0x00000000d8c00000,0x00000000d9100000)
 ParOldGen       total 84992K, used 1850K [0x0000000084600000, 0x0000000089900000, 0x00000000d6d00000)
  object space 84992K, 2% used [0x0000000084600000,0x00000000847cea18,0x0000000089900000)
 Metaspace       used 20896K, capacity 21146K, committed 21296K, reserved 1069056K
  class space    used 2550K, capacity 2646K, committed 2688K, reserved 1048576K
Event: 4.542 GC heap after
Heap after GC invocations=3 (full 1):
 PSYoungGen      total 36864K, used 0K [0x00000000d6d00000, 0x00000000db500000, 0x0000000100000000)
  eden space 31744K, 0% used [0x00000000d6d00000,0x00000000d6d00000,0x00000000d8c00000)
  from space 5120K, 0% used [0x00000000d9100000,0x00000000d9100000,0x00000000d9600000)
  to   space 5120K, 0% used [0x00000000d8c00000,0x00000000d8c00000,0x00000000d9100000)
 ParOldGen       total 45568K, used 4811K [0x0000000084600000, 0x0000000087280000, 0x00000000d6d00000)
  object space 45568K, 10% used [0x0000000084600000,0x0000000084ab2da0,0x0000000087280000)
 Metaspace       used 20896K, capacity 21146K, committed 21296K, reserved 1069056K
  class space    used 2550K, capacity 2646K, committed 2688K, reserved 1048576K
}

